[2018-04-20T16:05:41.766] [ERROR] err - test error 1
[2018-04-20T16:07:07.119] [ERROR] err - test error 1
[2018-04-20T16:07:15.024] [ERROR] err - test error 1
[2018-04-20T16:07:31.578] [ERROR] err - test error 1
[2018-04-20T16:07:37.516] [ERROR] err - test error 1
[2018-04-20T16:07:41.596] [ERROR] err - test error 1
